<?xml version="1.0" encoding="UTF-8"?>
<testng-results ignored="0" total="2" passed="2" failed="0" skipped="0">
  <reporter-output>
  </reporter-output>
  <suite started-at="2020-06-15T15:10:42Z" name="Default suite" finished-at="2020-06-15T15:11:07Z" duration-ms="24519">
    <groups>
    </groups>
    <test started-at="2020-06-15T15:10:42Z" name="Default test" finished-at="2020-06-15T15:11:07Z" duration-ms="24519">
      <class name="testCases.ui.CreateAndFilterTest">
        <test-method is-config="true" signature="beforeSuite()[pri:0, instance:testCases.ui.CreateAndFilterTest@7ce026d3]" started-at="2020-06-15T10:10:42Z" name="beforeSuite" finished-at="2020-06-15T10:10:42Z" duration-ms="208" status="PASS">
          <reporter-output>
          </reporter-output>
        </test-method> <!-- beforeSuite -->
        <test-method is-config="true" signature="beforeTest()[pri:0, instance:testCases.ui.CreateAndFilterTest@7ce026d3]" started-at="2020-06-15T10:10:42Z" name="beforeTest" finished-at="2020-06-15T10:10:42Z" duration-ms="1" status="PASS">
          <reporter-output>
          </reporter-output>
        </test-method> <!-- beforeTest -->
        <test-method is-config="true" signature="beforeMethod()[pri:0, instance:testCases.ui.CreateAndFilterTest@7ce026d3]" started-at="2020-06-15T10:10:42Z" name="beforeMethod" finished-at="2020-06-15T10:10:42Z" duration-ms="1" status="PASS">
          <reporter-output>
          </reporter-output>
        </test-method> <!-- beforeMethod -->
        <test-method signature="merchante(java.lang.String)[pri:0, instance:testCases.ui.CreateAndFilterTest@7ce026d3]" started-at="2020-06-15T10:10:42Z" name="merchante" data-provider="fetchData" finished-at="2020-06-15T10:10:54Z" duration-ms="11964" status="PASS">
          <params>
            <param index="0">
              <value>
                <![CDATA[Create New User]]>
              </value>
            </param>
          </params>
          <reporter-output>
          </reporter-output>
        </test-method> <!-- merchante -->
        <test-method is-config="true" signature="afterMethod()[pri:0, instance:testCases.ui.CreateAndFilterTest@7ce026d3]" started-at="2020-06-15T10:10:54Z" name="afterMethod" finished-at="2020-06-15T10:10:55Z" duration-ms="653" status="PASS">
          <reporter-output>
          </reporter-output>
        </test-method> <!-- afterMethod -->
        <test-method is-config="true" signature="beforeMethod()[pri:0, instance:testCases.ui.CreateAndFilterTest@7ce026d3]" started-at="2020-06-15T10:10:55Z" name="beforeMethod" finished-at="2020-06-15T10:10:55Z" duration-ms="0" status="PASS">
          <reporter-output>
          </reporter-output>
        </test-method> <!-- beforeMethod -->
        <test-method signature="merchante(java.lang.String)[pri:0, instance:testCases.ui.CreateAndFilterTest@7ce026d3]" started-at="2020-06-15T10:10:55Z" name="merchante" data-provider="fetchData" finished-at="2020-06-15T10:11:06Z" duration-ms="11242" status="PASS">
          <params>
            <param index="0">
              <value>
                <![CDATA[Filter Options]]>
              </value>
            </param>
          </params>
          <reporter-output>
          </reporter-output>
        </test-method> <!-- merchante -->
        <test-method is-config="true" signature="afterMethod()[pri:0, instance:testCases.ui.CreateAndFilterTest@7ce026d3]" started-at="2020-06-15T10:11:06Z" name="afterMethod" finished-at="2020-06-15T10:11:07Z" duration-ms="637" status="PASS">
          <reporter-output>
          </reporter-output>
        </test-method> <!-- afterMethod -->
        <test-method is-config="true" signature="afterTest()[pri:0, instance:testCases.ui.CreateAndFilterTest@7ce026d3]" started-at="2020-06-15T10:11:07Z" name="afterTest" finished-at="2020-06-15T10:11:07Z" duration-ms="1" status="PASS">
          <reporter-output>
          </reporter-output>
        </test-method> <!-- afterTest -->
        <test-method is-config="true" signature="afterSuite()[pri:0, instance:testCases.ui.CreateAndFilterTest@7ce026d3]" started-at="2020-06-15T10:11:07Z" name="afterSuite" finished-at="2020-06-15T10:11:07Z" duration-ms="238" status="PASS">
          <reporter-output>
          </reporter-output>
        </test-method> <!-- afterSuite -->
      </class> <!-- testCases.ui.CreateAndFilterTest -->
    </test> <!-- Default test -->
  </suite> <!-- Default suite -->
</testng-results>
